app/build/intermediates/manifest_merge_blame_file/debug/manifest-merger-blame-debug-report.txt
1<?xml version="1.0" encoding="utf-8"?>
2<manifest xmlns:android="http://schemas.android.com/apk/res/android"
3    package="com.task"
4    android:versionCode="1"
5    android:versionName="1.0" >
6
7    <uses-sdk
8        android:minSdkVersion="16"
8-->src\main\AndroidManifest.xml
9        android:targetSdkVersion="31" />
9-->src\main\AndroidManifest.xml
10
11    <uses-permission android:name="android.permission.INTERNET" />
11-->src\main\AndroidManifest.xml:5:5-67
11-->src\main\AndroidManifest.xml:5:22-64
12    <uses-permission android:name="android.permission.WAKE_LOCK" />
12-->[androidx.work:work-runtime:2.7.1] AndroidManifest.xml:25:5-68
12-->[androidx.work:work-runtime:2.7.1] AndroidManifest.xml:25:22-65
13    <uses-permission android:name="android.permission.ACCESS_NETWORK_STATE" />
13-->[androidx.work:work-runtime:2.7.1] AndroidManifest.xml:26:5-79
13-->[androidx.work:work-runtime:2.7.1] AndroidManifest.xml:26:22-76
14    <uses-permission android:name="android.permission.RECEIVE_BOOT_COMPLETED" />
14-->[androidx.work:work-runtime:2.7.1] AndroidManifest.xml:27:5-81
14-->[androidx.work:work-runtime:2.7.1] AndroidManifest.xml:27:22-78
15    <uses-permission android:name="android.permission.FOREGROUND_SERVICE" />
15-->[androidx.work:work-runtime:2.7.1] AndroidManifest.xml:28:5-77
15-->[androidx.work:work-runtime:2.7.1] AndroidManifest.xml:28:22-74
16
17    <application
17-->src\main\AndroidManifest.xml:7:5-25:19
18        android:name="com.task.App"
18-->src\main\AndroidManifest.xml:8:9-28
19        android:allowBackup="true"
19-->src\main\AndroidManifest.xml:9:9-35
20        android:appComponentFactory="androidx.core.app.CoreComponentFactory"
20-->[androidx.core:core:1.7.0] AndroidManifest.xml:24:18-86
21        android:debuggable="true"
22        android:icon="@mipmap/ic_launcher"
22-->src\main\AndroidManifest.xml:10:9-43
23        android:label="@string/app_name"
23-->src\main\AndroidManifest.xml:11:9-41
24        android:supportsRtl="true"
24-->src\main\AndroidManifest.xml:12:9-35
25        android:testOnly="true"
26        android:theme="@style/Theme.Cancer" >
26-->src\main\AndroidManifest.xml:13:9-44
27        <activity
27-->src\main\AndroidManifest.xml:14:9-21:20
28            android:name="com.task.ui.components.activity.SplashActivity"
28-->src\main\AndroidManifest.xml:15:13-66
29            android:exported="true" >
29-->src\main\AndroidManifest.xml:16:13-36
30            <intent-filter>
30-->src\main\AndroidManifest.xml:17:13-20:29
31                <action android:name="android.intent.action.MAIN" />
31-->src\main\AndroidManifest.xml:18:17-69
31-->src\main\AndroidManifest.xml:18:25-66
32
33                <category android:name="android.intent.category.LAUNCHER" />
33-->src\main\AndroidManifest.xml:19:17-77
33-->src\main\AndroidManifest.xml:19:27-74
34            </intent-filter>
35        </activity>
36        <activity
36-->src\main\AndroidManifest.xml:22:9-24:39
37            android:name="com.task.ui.components.activity.HomeActivity"
37-->src\main\AndroidManifest.xml:23:13-64
38            android:exported="true" />
38-->src\main\AndroidManifest.xml:24:13-36
39
40        <provider
40-->[com.squareup.picasso:picasso:2.71828] AndroidManifest.xml:8:9-11:40
41            android:name="com.squareup.picasso.PicassoProvider"
41-->[com.squareup.picasso:picasso:2.71828] AndroidManifest.xml:9:13-64
42            android:authorities="com.task.com.squareup.picasso"
42-->[com.squareup.picasso:picasso:2.71828] AndroidManifest.xml:10:13-72
43            android:exported="false" />
43-->[com.squareup.picasso:picasso:2.71828] AndroidManifest.xml:11:13-37
44        <provider
44-->[androidx.emoji2:emoji2:1.0.0] AndroidManifest.xml:26:9-34:20
45            android:name="androidx.startup.InitializationProvider"
45-->[androidx.emoji2:emoji2:1.0.0] AndroidManifest.xml:27:13-67
46            android:authorities="com.task.androidx-startup"
46-->[androidx.emoji2:emoji2:1.0.0] AndroidManifest.xml:28:13-68
47            android:exported="false" >
47-->[androidx.emoji2:emoji2:1.0.0] AndroidManifest.xml:29:13-37
48            <meta-data
48-->[androidx.emoji2:emoji2:1.0.0] AndroidManifest.xml:31:13-33:52
49                android:name="androidx.emoji2.text.EmojiCompatInitializer"
49-->[androidx.emoji2:emoji2:1.0.0] AndroidManifest.xml:32:17-75
50                android:value="androidx.startup" />
50-->[androidx.emoji2:emoji2:1.0.0] AndroidManifest.xml:33:17-49
51            <meta-data
51-->[androidx.work:work-runtime:2.7.1] AndroidManifest.xml:36:13-38:52
52                android:name="androidx.work.WorkManagerInitializer"
52-->[androidx.work:work-runtime:2.7.1] AndroidManifest.xml:37:17-68
53                android:value="androidx.startup" />
53-->[androidx.work:work-runtime:2.7.1] AndroidManifest.xml:38:17-49
54            <meta-data
54-->[androidx.lifecycle:lifecycle-process:2.4.0] AndroidManifest.xml:31:13-33:52
55                android:name="androidx.lifecycle.ProcessLifecycleInitializer"
55-->[androidx.lifecycle:lifecycle-process:2.4.0] AndroidManifest.xml:32:17-78
56                android:value="androidx.startup" />
56-->[androidx.lifecycle:lifecycle-process:2.4.0] AndroidManifest.xml:33:17-49
57        </provider>
58
59        <service
59-->[androidx.work:work-runtime:2.7.1] AndroidManifest.xml:41:9-46:35
60            android:name="androidx.work.impl.background.systemalarm.SystemAlarmService"
60-->[androidx.work:work-runtime:2.7.1] AndroidManifest.xml:42:13-88
61            android:directBootAware="false"
61-->[androidx.work:work-runtime:2.7.1] AndroidManifest.xml:43:13-44
62            android:enabled="@bool/enable_system_alarm_service_default"
62-->[androidx.work:work-runtime:2.7.1] AndroidManifest.xml:44:13-72
63            android:exported="false" />
63-->[androidx.work:work-runtime:2.7.1] AndroidManifest.xml:45:13-37
64        <service
64-->[androidx.work:work-runtime:2.7.1] AndroidManifest.xml:47:9-53:35
65            android:name="androidx.work.impl.background.systemjob.SystemJobService"
65-->[androidx.work:work-runtime:2.7.1] AndroidManifest.xml:48:13-84
66            android:directBootAware="false"
66-->[androidx.work:work-runtime:2.7.1] AndroidManifest.xml:49:13-44
67            android:enabled="@bool/enable_system_job_service_default"
67-->[androidx.work:work-runtime:2.7.1] AndroidManifest.xml:50:13-70
68            android:exported="true"
68-->[androidx.work:work-runtime:2.7.1] AndroidManifest.xml:51:13-36
69            android:permission="android.permission.BIND_JOB_SERVICE" />
69-->[androidx.work:work-runtime:2.7.1] AndroidManifest.xml:52:13-69
70        <service
70-->[androidx.work:work-runtime:2.7.1] AndroidManifest.xml:54:9-59:35
71            android:name="androidx.work.impl.foreground.SystemForegroundService"
71-->[androidx.work:work-runtime:2.7.1] AndroidManifest.xml:55:13-81
72            android:directBootAware="false"
72-->[androidx.work:work-runtime:2.7.1] AndroidManifest.xml:56:13-44
73            android:enabled="@bool/enable_system_foreground_service_default"
73-->[androidx.work:work-runtime:2.7.1] AndroidManifest.xml:57:13-77
74            android:exported="false" />
74-->[androidx.work:work-runtime:2.7.1] AndroidManifest.xml:58:13-37
75
76        <receiver
76-->[androidx.work:work-runtime:2.7.1] AndroidManifest.xml:61:9-66:35
77            android:name="androidx.work.impl.utils.ForceStopRunnable$BroadcastReceiver"
77-->[androidx.work:work-runtime:2.7.1] AndroidManifest.xml:62:13-88
78            android:directBootAware="false"
78-->[androidx.work:work-runtime:2.7.1] AndroidManifest.xml:63:13-44
79            android:enabled="true"
79-->[androidx.work:work-runtime:2.7.1] AndroidManifest.xml:64:13-35
80            android:exported="false" />
80-->[androidx.work:work-runtime:2.7.1] AndroidManifest.xml:65:13-37
81        <receiver
81-->[androidx.work:work-runtime:2.7.1] AndroidManifest.xml:67:9-77:20
82            android:name="androidx.work.impl.background.systemalarm.ConstraintProxy$BatteryChargingProxy"
82-->[androidx.work:work-runtime:2.7.1] AndroidManifest.xml:68:13-106
83            android:directBootAware="false"
83-->[androidx.work:work-runtime:2.7.1] AndroidManifest.xml:69:13-44
84            android:enabled="false"
84-->[androidx.work:work-runtime:2.7.1] AndroidManifest.xml:70:13-36
85            android:exported="false" >
85-->[androidx.work:work-runtime:2.7.1] AndroidManifest.xml:71:13-37
86            <intent-filter>
86-->[androidx.work:work-runtime:2.7.1] AndroidManifest.xml:73:13-76:29
87                <action android:name="android.intent.action.ACTION_POWER_CONNECTED" />
87-->[androidx.work:work-runtime:2.7.1] AndroidManifest.xml:74:17-87
87-->[androidx.work:work-runtime:2.7.1] AndroidManifest.xml:74:25-84
88                <action android:name="android.intent.action.ACTION_POWER_DISCONNECTED" />
88-->[androidx.work:work-runtime:2.7.1] AndroidManifest.xml:75:17-90
88-->[androidx.work:work-runtime:2.7.1] AndroidManifest.xml:75:25-87
89            </intent-filter>
90        </receiver>
91        <receiver
91-->[androidx.work:work-runtime:2.7.1] AndroidManifest.xml:78:9-88:20
92            android:name="androidx.work.impl.background.systemalarm.ConstraintProxy$BatteryNotLowProxy"
92-->[androidx.work:work-runtime:2.7.1] AndroidManifest.xml:79:13-104
93            android:directBootAware="false"
93-->[androidx.work:work-runtime:2.7.1] AndroidManifest.xml:80:13-44
94            android:enabled="false"
94-->[androidx.work:work-runtime:2.7.1] AndroidManifest.xml:81:13-36
95            android:exported="false" >
95-->[androidx.work:work-runtime:2.7.1] AndroidManifest.xml:82:13-37
96            <intent-filter>
96-->[androidx.work:work-runtime:2.7.1] AndroidManifest.xml:84:13-87:29
97                <action android:name="android.intent.action.BATTERY_OKAY" />
97-->[androidx.work:work-runtime:2.7.1] AndroidManifest.xml:85:17-77
97-->[androidx.work:work-runtime:2.7.1] AndroidManifest.xml:85:25-74
98                <action android:name="android.intent.action.BATTERY_LOW" />
98-->[androidx.work:work-runtime:2.7.1] AndroidManifest.xml:86:17-76
98-->[androidx.work:work-runtime:2.7.1] AndroidManifest.xml:86:25-73
99            </intent-filter>
100        </receiver>
101        <receiver
101-->[androidx.work:work-runtime:2.7.1] AndroidManifest.xml:89:9-99:20
102            android:name="androidx.work.impl.background.systemalarm.ConstraintProxy$StorageNotLowProxy"
102-->[androidx.work:work-runtime:2.7.1] AndroidManifest.xml:90:13-104
103            android:directBootAware="false"
103-->[androidx.work:work-runtime:2.7.1] AndroidManifest.xml:91:13-44
104            android:enabled="false"
104-->[androidx.work:work-runtime:2.7.1] AndroidManifest.xml:92:13-36
105            android:exported="false" >
105-->[androidx.work:work-runtime:2.7.1] AndroidManifest.xml:93:13-37
106            <intent-filter>
106-->[androidx.work:work-runtime:2.7.1] AndroidManifest.xml:95:13-98:29
107                <action android:name="android.intent.action.DEVICE_STORAGE_LOW" />
107-->[androidx.work:work-runtime:2.7.1] AndroidManifest.xml:96:17-83
107-->[androidx.work:work-runtime:2.7.1] AndroidManifest.xml:96:25-80
108                <action android:name="android.intent.action.DEVICE_STORAGE_OK" />
108-->[androidx.work:work-runtime:2.7.1] AndroidManifest.xml:97:17-82
108-->[androidx.work:work-runtime:2.7.1] AndroidManifest.xml:97:25-79
109            </intent-filter>
110        </receiver>
111        <receiver
111-->[androidx.work:work-runtime:2.7.1] AndroidManifest.xml:100:9-109:20
112            android:name="androidx.work.impl.background.systemalarm.ConstraintProxy$NetworkStateProxy"
112-->[androidx.work:work-runtime:2.7.1] AndroidManifest.xml:101:13-103
113            android:directBootAware="false"
113-->[androidx.work:work-runtime:2.7.1] AndroidManifest.xml:102:13-44
114            android:enabled="false"
114-->[androidx.work:work-runtime:2.7.1] AndroidManifest.xml:103:13-36
115            android:exported="false" >
115-->[androidx.work:work-runtime:2.7.1] AndroidManifest.xml:104:13-37
116            <intent-filter>
116-->[androidx.work:work-runtime:2.7.1] AndroidManifest.xml:106:13-108:29
117                <action android:name="android.net.conn.CONNECTIVITY_CHANGE" />
117-->[androidx.work:work-runtime:2.7.1] AndroidManifest.xml:107:17-79
117-->[androidx.work:work-runtime:2.7.1] AndroidManifest.xml:107:25-76
118            </intent-filter>
119        </receiver>
120        <receiver
120-->[androidx.work:work-runtime:2.7.1] AndroidManifest.xml:110:9-121:20
121            android:name="androidx.work.impl.background.systemalarm.RescheduleReceiver"
121-->[androidx.work:work-runtime:2.7.1] AndroidManifest.xml:111:13-88
122            android:directBootAware="false"
122-->[androidx.work:work-runtime:2.7.1] AndroidManifest.xml:112:13-44
123            android:enabled="false"
123-->[androidx.work:work-runtime:2.7.1] AndroidManifest.xml:113:13-36
124            android:exported="false" >
124-->[androidx.work:work-runtime:2.7.1] AndroidManifest.xml:114:13-37
125            <intent-filter>
125-->[androidx.work:work-runtime:2.7.1] AndroidManifest.xml:116:13-120:29
126                <action android:name="android.intent.action.BOOT_COMPLETED" />
126-->[androidx.work:work-runtime:2.7.1] AndroidManifest.xml:117:17-79
126-->[androidx.work:work-runtime:2.7.1] AndroidManifest.xml:117:25-76
127                <action android:name="android.intent.action.TIME_SET" />
127-->[androidx.work:work-runtime:2.7.1] AndroidManifest.xml:118:17-73
127-->[androidx.work:work-runtime:2.7.1] AndroidManifest.xml:118:25-70
128                <action android:name="android.intent.action.TIMEZONE_CHANGED" />
128-->[androidx.work:work-runtime:2.7.1] AndroidManifest.xml:119:17-81
128-->[androidx.work:work-runtime:2.7.1] AndroidManifest.xml:119:25-78
129            </intent-filter>
130        </receiver>
131        <receiver
131-->[androidx.work:work-runtime:2.7.1] AndroidManifest.xml:122:9-131:20
132            android:name="androidx.work.impl.background.systemalarm.ConstraintProxyUpdateReceiver"
132-->[androidx.work:work-runtime:2.7.1] AndroidManifest.xml:123:13-99
133            android:directBootAware="false"
133-->[androidx.work:work-runtime:2.7.1] AndroidManifest.xml:124:13-44
134            android:enabled="@bool/enable_system_alarm_service_default"
134-->[androidx.work:work-runtime:2.7.1] AndroidManifest.xml:125:13-72
135            android:exported="false" >
135-->[androidx.work:work-runtime:2.7.1] AndroidManifest.xml:126:13-37
136            <intent-filter>
136-->[androidx.work:work-runtime:2.7.1] AndroidManifest.xml:128:13-130:29
137                <action android:name="androidx.work.impl.background.systemalarm.UpdateProxies" />
137-->[androidx.work:work-runtime:2.7.1] AndroidManifest.xml:129:17-98
137-->[androidx.work:work-runtime:2.7.1] AndroidManifest.xml:129:25-95
138            </intent-filter>
139        </receiver>
140        <receiver
140-->[androidx.work:work-runtime:2.7.1] AndroidManifest.xml:132:9-142:20
141            android:name="androidx.work.impl.diagnostics.DiagnosticsReceiver"
141-->[androidx.work:work-runtime:2.7.1] AndroidManifest.xml:133:13-78
142            android:directBootAware="false"
142-->[androidx.work:work-runtime:2.7.1] AndroidManifest.xml:134:13-44
143            android:enabled="true"
143-->[androidx.work:work-runtime:2.7.1] AndroidManifest.xml:135:13-35
144            android:exported="true"
144-->[androidx.work:work-runtime:2.7.1] AndroidManifest.xml:136:13-36
145            android:permission="android.permission.DUMP" >
145-->[androidx.work:work-runtime:2.7.1] AndroidManifest.xml:137:13-57
146            <intent-filter>
146-->[androidx.work:work-runtime:2.7.1] AndroidManifest.xml:139:13-141:29
147                <action android:name="androidx.work.diagnostics.REQUEST_DIAGNOSTICS" />
147-->[androidx.work:work-runtime:2.7.1] AndroidManifest.xml:140:17-88
147-->[androidx.work:work-runtime:2.7.1] AndroidManifest.xml:140:25-85
148            </intent-filter>
149        </receiver>
150
151        <service
151-->[androidx.room:room-runtime:2.2.5] AndroidManifest.xml:25:9-28:40
152            android:name="androidx.room.MultiInstanceInvalidationService"
152-->[androidx.room:room-runtime:2.2.5] AndroidManifest.xml:26:13-74
153            android:directBootAware="true"
153-->[androidx.room:room-runtime:2.2.5] AndroidManifest.xml:27:13-43
154            android:exported="false" /> <!-- The activities will be merged into the manifest of the hosting app. -->
154-->[androidx.room:room-runtime:2.2.5] AndroidManifest.xml:28:13-37
155        <activity
155-->[com.google.android.play:core:1.9.1] AndroidManifest.xml:12:5-271
156            android:name="com.google.android.play.core.missingsplits.PlayCoreMissingSplitsActivity"
156-->[com.google.android.play:core:1.9.1] AndroidManifest.xml:12:15-102
157            android:enabled="false"
157-->[com.google.android.play:core:1.9.1] AndroidManifest.xml:12:103-126
158            android:exported="false"
158-->[com.google.android.play:core:1.9.1] AndroidManifest.xml:12:127-151
159            android:launchMode="singleInstance"
159-->[com.google.android.play:core:1.9.1] AndroidManifest.xml:12:204-239
160            android:process=":playcore_missing_splits_activity"
160-->[com.google.android.play:core:1.9.1] AndroidManifest.xml:12:152-203
161            android:stateNotNeeded="true" />
161-->[com.google.android.play:core:1.9.1] AndroidManifest.xml:12:240-269
162        <activity
162-->[com.google.android.play:core:1.9.1] AndroidManifest.xml:13:5-226
163            android:name="com.google.android.play.core.common.PlayCoreDialogWrapperActivity"
163-->[com.google.android.play:core:1.9.1] AndroidManifest.xml:13:15-95
164            android:enabled="false"
164-->[com.google.android.play:core:1.9.1] AndroidManifest.xml:13:96-119
165            android:exported="false"
165-->[com.google.android.play:core:1.9.1] AndroidManifest.xml:13:120-144
166            android:stateNotNeeded="true"
166-->[com.google.android.play:core:1.9.1] AndroidManifest.xml:13:145-174
167            android:theme="@style/Theme.PlayCore.Transparent" /> <!-- The services will be merged into the manifest of the hosting app. -->
167-->[com.google.android.play:core:1.9.1] AndroidManifest.xml:13:175-224
168        <service
168-->[com.google.android.play:core:1.9.1] AndroidManifest.xml:16:5-18:15
169            android:name="com.google.android.play.core.assetpacks.AssetPackExtractionService"
169-->[com.google.android.play:core:1.9.1] AndroidManifest.xml:16:14-95
170            android:enabled="false"
170-->[com.google.android.play:core:1.9.1] AndroidManifest.xml:16:96-119
171            android:exported="true" >
171-->[com.google.android.play:core:1.9.1] AndroidManifest.xml:16:120-143
172            <meta-data
172-->[com.google.android.play:core:1.9.1] AndroidManifest.xml:17:7-108
173                android:name="com.google.android.play.core.assetpacks.versionCode"
173-->[com.google.android.play:core:1.9.1] AndroidManifest.xml:17:18-84
174                android:value="10901" />
174-->[com.google.android.play:core:1.9.1] AndroidManifest.xml:17:85-106
175        </service>
176        <service
176-->[com.google.android.play:core:1.9.1] AndroidManifest.xml:19:5-147
177            android:name="com.google.android.play.core.assetpacks.ExtractionForegroundService"
177-->[com.google.android.play:core:1.9.1] AndroidManifest.xml:19:14-96
178            android:enabled="false"
178-->[com.google.android.play:core:1.9.1] AndroidManifest.xml:19:97-120
179            android:exported="false" />
179-->[com.google.android.play:core:1.9.1] AndroidManifest.xml:19:121-145
180    </application>
181
182</manifest>